<?xml version="1.0" encoding="UTF-8"?>
<!-- Generated by org.testng.reporters.JUnitReportReporter -->
<testsuite hostname="LP-2017" failures="0" tests="2" name="com.selTestng.tests.SignInTest" time="146.338" errors="0" timestamp="18 Feb 2020 14:45:38 GMT" skipped="0">
  <testcase classname="com.selTestng.tests.SignInTest" name="verifySignIn" time="76.483"/>
  <testcase classname="com.selTestng.tests.SignInTest" name="verifySignIn" time="69.855"/>
</testsuite> <!-- com.selTestng.tests.SignInTest -->
